step	time	achiral	left	right
   0     0.001250000       399         1         0
   1     0.072227343       307        31        62
   2     0.111538478       217        63       120
   3     0.163526839       143        93       164
   4     0.210969082        75       145       180
   5     0.277215168        25       185       190
   6     0.376723995        13       190       197
   7     0.499379613        13       189       198
   8     0.640513133        11       192       197
   9     0.770402358         9       186       205
  10     0.890465688         5       192       203
  11     1.015163376         5       190       205
  12     1.147712870         3       189       208
  13     1.275848461         3       190       207
  14     1.376989909         3       191       206
  15     1.512934122         3       191       206
  16     1.641636888         1       195       204
  17     1.775900722         3       193       204
  18     1.913718633         3       192       205
  19     2.036710261         1       194       205
  20     2.159336991         3       194       203
  21     2.282046169         3       195       202
  22     2.409116963         1       194       205
  23     2.524827932         1       196       203
  24     2.667647841         1       192       207
  25     2.808069623         1       190       209
  26     2.907132790         1       190       209
  27     3.030939404         3       188       209
  28     3.139498128         1       190       209
  29     3.264644825         3       190       207
  30     3.399241741         3       186       211
  31     3.520665971         1       186       213
  32     3.648458212         1       188       211
  33     3.783703580         1       186       213
  34     3.917803284         3       184       213
  35     4.036656102         1       184       215
  36     4.147275207         1       182       217
  37     4.264121149         5       186       209
  38     4.397577647         3       180       217
  39     4.509882119         1       182       217
  40     4.637188019         1       184       215
  41     4.766135829         3       184       213
  42     4.880730783         3       185       212
  43     5.003036817         1       187       212
  44     5.141172517         3       185       212
  45     5.278256603         5       183       212
  46     5.409447776         3       186       211
  47     5.552498055         3       185       212
  48     5.679357142         7       184       209
  49     5.793939214         1       187       212
  50     5.922229313         1       188       211
  51     6.061051428         1       192       207
  52     6.200521330         1       193       206
  53     6.331544547         7       188       205
  54     6.467688290         1       189       210
  55     6.600180463         1       188       211
  56     6.728428969         1       187       212
  57     6.846785187         1       188       211
  58     6.997028323         3       188       209
  59     7.123713688         1       189       210
  60     7.249909373         3       191       206
  61     7.374371270         1       190       209
  62     7.492268005         1       192       207
  63     7.617194473         3       188       209
  64     7.755236290         1       192       207
  65     7.877354212         3       192       205
  66     8.006003109         3       190       207
  67     8.137984240         1       190       209
  68     8.278248991         3       188       209
  69     8.408952697         3       190       207
  70     8.545143282         5       190       205
  71     8.672786689         3       192       205
  72     8.798869246         3       188       209
  73     8.912956107         5       191       204
  74     9.046333764         3       192       205
  75     9.152853527         3       193       204
  76     9.295228600         1       192       207
  77     9.444497704         1       192       207
  78     9.564128629         1       189       210
  79     9.696467073         1       188       211
  80     9.826539983         3       189       208
  81     9.969038650         1       187       212
  82    10.114210002         1       189       210
  83    10.217939860         5       186       209
  84    10.316821235         3       185       212
  85    10.436343707         3       186       211
  86    10.563892811         7       183       210
  87    10.684401774         5       182       213
  88    10.799407743         1       183       216
  89    10.933715023         3       183       214
  90    11.068332832         3       185       212
  91    11.195030919         1       184       215
  92    11.320129474         1       185       214
  93    11.436137835         3       188       209
  94    11.560518514         1       188       211
  95    11.680404688         3       190       207
  96    11.813366946         1       190       209
  97    11.970350300         1       189       210
  98    12.110783458         1       188       211
  99    12.243474643         1       186       213
 100    12.350559540         1       187       212
 101    12.444214229         3       187       210
 102    12.582169010         3       187       210
 103    12.712365764         3       190       207
 104    12.846668174         3       191       206
 105    12.960104160         5       190       205
 106    13.100070251         3       191       206
 107    13.235244165         1       192       207
 108    13.372714552         5       189       206
 109    13.492773806         1       191       208
 110    13.620745580         1       190       209
 111    13.743960747         1       191       208
 112    13.893124156         1       192       207
 113    14.015936596         3       191       206
 114    14.151815637         3       188       209
 115    14.275815505         3       186       211
 116    14.402963305         5       185       210
 117    14.531923671         1       185       214
 118    14.672313805         5       185       210
 119    14.797328865         1       186       213
 120    14.921817774         1       185       214
 121    15.053529956         3       184       213
 122    15.185222921         5       182       213
 123    15.322990232         1       186       213
 124    15.452932110         3       188       209
 125    15.589449597         3       186       211
 126    15.680876822         3       188       209
 127    15.812604220         5       192       203
 128    15.924460735         3       190       207
 129    16.053934648         3       190       207
 130    16.188350042         3       190       207
 131    16.306163164         1       190       209
 132    16.427325717         3       190       207
 133    16.552356486         5       188       207
 134    16.686845330         3       191       206
 135    16.808402113         3       190       207
 136    16.931759109         3       190       207
 137    17.048972681         3       185       212
 138    17.157755730         1       187       212
 139    17.273611670         5       188       207
 140    17.404451791         3       188       209
 141    17.506505436         3       190       207
 142    17.626941928         3       192       205
 143    17.758136325         1       189       210
 144    17.877293634         1       191       208
 145    17.998854200         5       189       206
 146    18.116644513         1       194       205
 147    18.268102930         1       196       203
 148    18.405837220         3       197       200
 149    18.535210963         1       196       203
 150    18.660410767         5       197       198
 151    18.795086049         1       198       201
 152    18.913367875         3       197       200
 153    19.048826560         3       197       200
 154    19.154065736         1       197       202
 155    19.290140446         3       193       204
 156    19.431318252         1       193       206
 157    19.547912646         1       191       208
 158    19.671039981         1       191       208
 159    19.812174562         3       189       208
 160    19.952931845         1       189       210
 161    20.080903619         3       189       208
 162    20.193801949         1       193       206
 163    20.340156518         1       192       207
 164    20.468744632         1       191       208
 165    20.609245507         5       192       203
 166    20.718820702         1       193       206
 167    20.853780126         1       191       208
 168    20.968827829         1       192       207
 169    21.095896145         3       190       207
 170    21.233193507         3       188       209
 171    21.366582136         5       187       208
 172    21.492831199         3       185       212
 173    21.593375162         3       186       211
 174    21.723588507         1       186       213
 175    21.852693397         3       188       209
 176    21.971293891         1       187       212
 177    22.094717478         3       185       212
 178    22.220965106         3       184       213
 179    22.344316429         1       184       215
 180    22.459338585         1       183       216
 181    22.580865239         3       181       216
 182    22.709764160         1       182       217
 183    22.840017877         3       180       217
 184    22.984725487         1       181       218
 185    23.116881486         3       181       216
 186    23.222722290         1       181       218
 187    23.353143038         3       178       219
 188    23.503393100         1       178       221
 189    23.634644381         1       177       222
 190    23.760923675         1       175       224
 191    23.877474461         1       177       222
 192    24.020580945         3       174       223
 193    24.144858335         3       173       224
 194    24.278308780         1       173       226
 195    24.412957293         1       174       225
 196    24.549846729         3       173       224
 197    24.663002885         3       171       226
 198    24.762091231         1       169       230
 199    24.883752853         5       170       225
 200    25.018662793         1       169       230
 201    25.147600706         3       168       229
 202    25.284567525         3       169       228
 203    25.396336644         1       166       233
 204    25.546781589         1       166       233
 205    25.682463586         5       166       229
 206    25.785773999         1       168       231
 207    25.906541219         5       168       227
 208    26.042891184         1       170       229
 209    26.169086770         3       169       228
 210    26.285585498         3       170       227
 211    26.412398217         3       170       227
 212    26.537832075         1       168       231
 213    26.661302605         3       168       229
 214    26.798197467         1       168       231
 215    26.915070261         3       167       230
 216    27.059112714         3       168       229
 217    27.168996160         1       166       233
 218    27.301488816         3       166       231
 219    27.423620482         1       166       233
 220    27.539543544         5       164       231
 221    27.670896017         5       165       230
 222    27.788905310         1       166       233
 223    27.923348012         3       163       234
 224    28.049945162         3       163       234
 225    28.158462350         1       163       236
 226    28.278544399         3       161       236
 227    28.396458788         3       162       235
 228    28.514473952         1       163       236
 229    28.638886972         3       164       233
 230    28.760343704         3       166       231
 231    28.876203547         3       166       231
 232    28.999891797         5       166       229
 233    29.105970782         3       167       230
 234    29.240387188         3       166       231
 235    29.357949629         1       167       232
 236    29.469411910         3       170       227
 237    29.616438586         5       169       226
 238    29.723535099         5       172       223
 239    29.850746651         3       169       228
 240    29.985712404         1       169       230
 241    30.098174934         3       168       229
 242    30.226799596         1       170       229
 243    30.359145503         1       168       231
 244    30.505528882         5       165       230
 245    30.646163724         1       167       232
 246    30.752264880         3       166       231
 247    30.888473863         3       167       230
 248    31.001331060         1       168       231
 249    31.129411963         1       168       231
 250    31.256707688         3       164       233
 251    31.371947079         1       167       232
 252    31.510156716         5       167       228
 253    31.626622936         5       165       230
 254    31.743716719         3       164       233
 255    31.873905337         1       166       233
 256    31.988599821         1       164       235
 257    32.116273578         3       165       232
 258    32.218079119         5       164       231
 259    32.346578190         3       163       234
 260    32.465155118         5       164       231
 261    32.592709560         1       165       234
 262    32.739751804         1       165       234
 263    32.872739578         5       164       231
 264    32.986300932         3       166       231
 265    33.102534952         3       165       232
 266    33.230602477         3       165       232
 267    33.357340821         1       166       233
 268    33.477243546         3       167       230
 269    33.621318016         3       168       229
 270    33.732042148         5       165       230
 271    33.859356704         7       164       229
 272    33.971549646         1       165       234
 273    34.110723849         3       165       232
 274    34.237764098         1       167       232
 275    34.346322899         5       164       231
 276    34.460010045         1       165       234
 277    34.589752778         1       163       236
 278    34.721084555         1       164       235
 279    34.843242466         3       168       229
 280    34.978907034         3       164       233
 281    35.100307494         1       164       235
 282    35.232955738         3       165       232
 283    35.367116062         3       163       234
 284    35.478819758         3       165       232
 285    35.596353548         3       164       233
 286    35.722339263         1       166       233
 287    35.854917019         1       166       233
 288    35.979137397         1       167       232
 289    36.089518468         1       168       231
 290    36.235566773         3       165       232
 291    36.348215363         3       165       232
 292    36.476239994         3       164       233
 293    36.599146237         3       166       231
 294    36.721692003         3       165       232
 295    36.845376008         5       165       230
 296    36.963374237         3       167       230
 297    37.077752889         5       164       231
 298    37.205911124         3       167       230
 299    37.343735055         3       169       228
 300    37.483616677         1       169       230
 301    37.613149307         1       169       230
 302    37.760029602         1       169       230
 303    37.882543099         3       169       228
 304    37.992966397         3       168       229
 305    38.108016682         1       170       229
 306    38.247411720         3       170       227
 307    38.358461362         3       169       228
 308    38.495284427         3       172       225
 309    38.610470964         3       172       225
 310    38.725282696         3       169       228
 311    38.831249741         3       171       226
 312    38.972495707         5       170       225
 313    39.091687452         3       171       226
 314    39.193888967         3       170       227
 315    39.316736678         3       170       227
 316    39.427953074         7       168       225
 317    39.538134209         1       168       231
 318    39.655840794         1       168       231
 319    39.764448571         3       167       230
 320    39.869760446         5       165       230
 321    39.987951518         3       168       229
 322    40.115353026         3       169       228
 323    40.227868572         1       169       230
 324    40.354428892         1       169       230
 325    40.481295482         1       170       229
 326    40.610736265         3       171       226
 327    40.743309858         3       172       225
 328    40.870787629         3       170       227
 329    41.000129004         1       171       228
 330    41.113671443         1       171       228
 331    41.235777569         1       173       226
 332    41.363949031         3       172       225
 333    41.497560977         1       175       224
 334    41.633257288         3       174       223
 335    41.767970914         3       175       222
 336    41.875000270         3       173       224
 337    41.995390204         5       175       220
 338    42.121156391         1       176       223
 339    42.223125510         5       176       219
 340    42.345863244         1       177       222
 341    42.478379399         3       175       222
 342    42.593393298         3       177       220
 343    42.737494511         1       176       223
 344    42.884238805         3       175       222
 345    43.002236723         1       174       225
 346    43.133753931         3       174       223
 347    43.253270592         5       171       224
 348    43.373174779         5       173       222
 349    43.497259400         3       173       224
 350    43.618728182         5       172       223
 351    43.725626545         1       174       225
 352    43.848796969         1       171       228
 353    43.972249226         1       170       229
 354    44.093515973         5       168       227
 355    44.210986772         1       173       226
 356    44.329301236         3       172       225
 357    44.454431074         1       173       226
 358    44.561608246         3       171       226
 359    44.700027522         3       171       226
 360    44.817721733         3       171       226
 361    44.947250943         5       172       223
 362    45.064759230         1       172       227
 363    45.181870141         1       171       228
 364    45.300547387         1       169       230
 365    45.439115848         3       168       229
 366    45.557075659         7       166       227
 367    45.681521228         5       169       226
 368    45.792977578         1       169       230
 369    45.931625082         3       166       231
 370    46.063123136         1       168       231
 371    46.192170688         3       166       231
 372    46.299961996         3       168       229
 373    46.422104315         5       169       226
 374    46.559034102         3       169       228
 375    46.660793003         3       172       225
 376    46.780176696         1       174       225
 377    46.905830405         3       173       224
 378    47.037295287         1       174       225
 379    47.159416120         3       175       222
 380    47.302729548         3       172       225
 381    47.427900256         1       173       226
 382    47.555019225         1       173       226
 383    47.691367661         1       172       227
 384    47.818679884         5       170       225
 385    47.945435982         3       170       227
 386    48.052860192         3       168       229
 387    48.183246143         5       167       228
 388    48.306326170         1       167       232
 389    48.429669921         1       168       231
 390    48.542825991         3       165       232
 391    48.662266615         5       165       230
 392    48.803042625         1       166       233
 393    48.944630858         1       168       231
 394    49.070746945         3       168       229
 395    49.192309632         1       170       229
 396    49.310331740         1       168       231
 397    49.431476246         5       165       230
 398    49.544844113         1       165       234
 399    49.685430991         1       166       233
